<?xml version="1.0" encoding="UTF-8"?>
<!-- Generated by org.testng.reporters.JUnitReportReporter -->
<testsuite skipped="0" hostname="DESKTOP-I5E0NA3" name="crm.qa.base.Base" tests="1" failures="0" timestamp="2020-12-12T22:30:47 IST" time="11.522" errors="0">
  <testcase name="initialization" time="11.522" classname="crm.qa.base.Base"/>
  <system-out/>
</testsuite> <!-- crm.qa.base.Base -->
