<?xml version="1.0" encoding="UTF-8"?>
<!-- Generated by org.testng.reporters.JUnitReportReporter -->
<testsuite skipped="0" hostname="DESKTOP-I5E0NA3" name="crm.qa.testcases.LoginPageTest" tests="3" failures="0" timestamp="2020-12-13T06:55:26 IST" time="6.825" errors="0">
  <testcase name="loginPageTitleTest" time="0.065" classname="crm.qa.testcases.LoginPageTest"/>
  <system-out/>
  <testcase name="crmLogoTest" time="0.131" classname="crm.qa.testcases.LoginPageTest"/>
  <system-out/>
  <testcase name="loginTest" time="6.629" classname="crm.qa.testcases.LoginPageTest"/>
  <system-out/>
</testsuite> <!-- crm.qa.testcases.LoginPageTest -->
